#
# There is insufficient memory for the Java Runtime Environment to continue.
# Native memory allocation (mmap) failed to map 22544384 bytes for committing reserved memory.
# Possible reasons:
#   The system is out of physical RAM or swap space
#   In 32 bit mode, the process size limit was hit
# Possible solutions:
#   Reduce memory load on the system
#   Increase physical memory or swap space
#   Check if swap backing store is full
#   Use 64 bit Java on a 64 bit OS
#   Decrease Java heap size (-Xmx/-Xms)
#   Decrease number of Java threads
#   Decrease Java thread stack sizes (-Xss)
#   Set larger code cache with -XX:ReservedCodeCacheSize=
# This output file may be truncated or incomplete.
#
#  Out of Memory Error (os_linux.cpp:2718), pid=7801, tid=140314105833216
#
# JRE version: Java(TM) SE Runtime Environment (8.0_05-b13) (build 1.8.0_05-b13)
# Java VM: Java HotSpot(TM) 64-Bit Server VM (25.5-b02 mixed mode linux-amd64 compressed oops)
# Failed to write core dump. Core dumps have been disabled. To enable core dumping, try "ulimit -c unlimited" before starting Java again
#

---------------  T H R E A D  ---------------

Current thread (0x00007f9d7c073000):  VMThread [stack: 0x00007f9d6c5f6000,0x00007f9d6c6f7000] [id=7814]

Stack: [0x00007f9d6c5f6000,0x00007f9d6c6f7000],  sp=0x00007f9d6c6f50f0,  free space=1020k
Native frames: (J=compiled Java code, j=interpreted, Vv=VM code, C=native code)
V  [libjvm.so+0xa2f43a]  VMError::report_and_die()+0x2ca
V  [libjvm.so+0x4b2d5b]  report_vm_out_of_memory(char const*, int, unsigned long, VMErrorType, char const*)+0x8b
V  [libjvm.so+0x89e443]  os::Linux::commit_memory_impl(char*, unsigned long, bool)+0x103
V  [libjvm.so+0x89e999]  os::pd_commit_memory(char*, unsigned long, unsigned long, bool)+0x29
V  [libjvm.so+0x89863a]  os::commit_memory(char*, unsigned long, unsigned long, bool)+0x2a
V  [libjvm.so+0x909243]  PSVirtualSpace::expand_by(unsigned long)+0x53
V  [libjvm.so+0x8f9fc0]  PSOldGen::expand(unsigned long)+0x170
V  [libjvm.so+0x8fa1cb]  PSOldGen::resize(unsigned long)+0x1cb
V  [libjvm.so+0x901dd0]  PSParallelCompact::invoke_no_policy(bool)+0xa00
V  [libjvm.so+0x9073dd]  PSScavenge::invoke()+0x1ad
V  [libjvm.so+0x8bfed0]  ParallelScavengeHeap::failed_mem_allocate(unsigned long)+0x70
V  [libjvm.so+0xa30af7]  VM_ParallelGCFailedAllocation::doit()+0x97
V  [libjvm.so+0xa38215]  VM_Operation::evaluate()+0x55
V  [libjvm.so+0xa3660a]  VMThread::evaluate_operation(VM_Operation*)+0xba
V  [libjvm.so+0xa3698e]  VMThread::loop()+0x1ce
V  [libjvm.so+0xa36e00]  VMThread::run()+0x70
V  [libjvm.so+0x8a00c8]  java_start(Thread*)+0x108

VM_Operation (0x00007f9d84d0dc50): ParallelGCFailedAllocation, mode: safepoint, requested by thread 0x00007f9d7c00a000


---------------  P R O C E S S  ---------------

Java Threads: ( => current thread )
  0x00007f9d7c0cf800 JavaThread "Service Thread" daemon [_thread_blocked, id=7821, stack(0x00007f9d65888000,0x00007f9d65989000)]
  0x00007f9d7c0b2000 JavaThread "C1 CompilerThread2" daemon [_thread_blocked, id=7820, stack(0x00007f9d65989000,0x00007f9d65a8a000)]
  0x00007f9d7c0b0000 JavaThread "C2 CompilerThread1" daemon [_thread_blocked, id=7819, stack(0x00007f9d6c0f1000,0x00007f9d6c1f2000)]
  0x00007f9d7c0ad000 JavaThread "C2 CompilerThread0" daemon [_thread_blocked, id=7818, stack(0x00007f9d6c1f2000,0x00007f9d6c2f3000)]
  0x00007f9d7c0ab800 JavaThread "Signal Dispatcher" daemon [_thread_blocked, id=7817, stack(0x00007f9d6c2f3000,0x00007f9d6c3f4000)]
  0x00007f9d7c07c000 JavaThread "Finalizer" daemon [_thread_blocked, id=7816, stack(0x00007f9d6c3f4000,0x00007f9d6c4f5000)]
  0x00007f9d7c078000 JavaThread "Reference Handler" daemon [_thread_blocked, id=7815, stack(0x00007f9d6c4f5000,0x00007f9d6c5f6000)]
  0x00007f9d7c00a000 JavaThread "main" [_thread_blocked, id=7809, stack(0x00007f9d84c0f000,0x00007f9d84d10000)]

Other Threads:
=>0x00007f9d7c073000 VMThread [stack: 0x00007f9d6c5f6000,0x00007f9d6c6f7000] [id=7814]
  0x00007f9d7c0d2000 WatcherThread [stack: 0x00007f9d65787000,0x00007f9d65888000] [id=7822]

VM state:at safepoint (normal execution)

VM Mutex/Monitor currently owned by a thread:  ([mutex/lock_event])
[0x00007f9d7c005c10] ExpandHeap_lock - owner thread: 0x00007f9d7c073000
[0x00007f9d7c006290] Threads_lock - owner thread: 0x00007f9d7c073000
[0x00007f9d7c006790] Heap_lock - owner thread: 0x00007f9d7c00a000

Heap:
 PSYoungGen      total 277504K, used 29659K [0x00000000eba00000, 0x0000000100000000, 0x0000000100000000)
  eden space 246784K, 0% used [0x00000000eba00000,0x00000000eba00000,0x00000000fab00000)
  from space 30720K, 96% used [0x00000000fe200000,0x00000000ffef6ef8,0x0000000100000000)
  to   space 43520K, 0% used [0x00000000fab00000,0x00000000fab00000,0x00000000fd580000)
 ParOldGen       total 138752K, used 138257K [0x00000000c2e00000, 0x00000000cb580000, 0x00000000eba00000)
  object space 138752K, 99% used [0x00000000c2e00000,0x00000000cb504748,0x00000000cb580000)
 Metaspace       used 4742K, capacity 5320K, committed 5504K, reserved 1056768K
  class space    used 541K, capacity 564K, committed 640K, reserved 1048576K

Card table byte_map: [0x00007f9d8189d000,0x00007f9d81a87000] byte_map_base: 0x00007f9d81286000

Marking Bits: (ParMarkBitMap*) 0x00007f9d840e0cc0
 Begin Bits: [0x00007f9d66170000, 0x00007f9d670b8000)
 End Bits:   [0x00007f9d670b8000, 0x00007f9d68000000)

Polling page: 0x00007f9d84d29000

CodeCache: size=245760Kb used=3521Kb max_used=3544Kb free=242238Kb
 bounds [0x00007f9d6d000000, 0x00007f9d6d380000, 0x00007f9d7c000000]
 total_blobs=1044 nmethods=780 adapters=179
 compilation: enabled

Compilation events (10 events):
Event: 75.465 Thread 0x00007f9d7c0b0000 nmethod 793 0x00007f9d6d35fe90 code [0x00007f9d6d360060, 0x00007f9d6d360ae8]
Event: 75.545 Thread 0x00007f9d7c0b0000  797 % !   4       database.Entity::initId2TitMap @ 20 (124 bytes)
Event: 75.555 Thread 0x00007f9d7c0b2000 nmethod 798 0x00007f9d6d107a90 code [0x00007f9d6d107be0, 0x00007f9d6d107d10]
Event: 75.555 Thread 0x00007f9d7c0ad000  794       4       java.lang.Integer::equals (29 bytes)
Event: 76.799 Thread 0x00007f9d7c0ad000 nmethod 794 0x00007f9d6d35e790 code [0x00007f9d6d35e8e0, 0x00007f9d6d35e998]
Event: 76.799 Thread 0x00007f9d7c0ad000  799       4       sun.nio.cs.StreamDecoder::implRead (243 bytes)
Event: 76.880 Thread 0x00007f9d7c0b0000 nmethod 797% 0x00007f9d6d36b890 code [0x00007f9d6d36bac0, 0x00007f9d6d36c6b0]
Event: 77.730 Thread 0x00007f9d7c0ad000 nmethod 799 0x00007f9d6d373290 code [0x00007f9d6d373640, 0x00007f9d6d374958]
Event: 78.138 Thread 0x00007f9d7c0b0000  800       4       java.io.BufferedReader::fill (170 bytes)
Event: 78.190 Thread 0x00007f9d7c0b0000 nmethod 800 0x00007f9d6d37aad0 code [0x00007f9d6d37ad40, 0x00007f9d6d37da28]

GC Heap History (10 events):
Event: 76.999 GC heap after
Heap after GC invocations=47 (full 6):
 PSYoungGen      total 310272K, used 22512K [0x00000000eba00000, 0x0000000100000000, 0x0000000100000000)
  eden space 287744K, 0% used [0x00000000eba00000,0x00000000eba00000,0x00000000fd300000)
  from space 22528K, 99% used [0x00000000fd300000,0x00000000fe8fc020,0x00000000fe900000)
  to   space 23552K, 0% used [0x00000000fe900000,0x00000000fe900000,0x0000000100000000)
 ParOldGen       total 120320K, used 111428K [0x00000000c2e00000, 0x00000000ca380000, 0x00000000eba00000)
  object space 120320K, 92% used [0x00000000c2e00000,0x00000000c9ad1318,0x00000000ca380000)
 Metaspace       used 4742K, capacity 5320K, committed 5504K, reserved 1056768K
  class space    used 541K, capacity 564K, committed 640K, reserved 1048576K
}
Event: 76.999 GC heap before
{Heap before GC invocations=48 (full 7):
 PSYoungGen      total 310272K, used 22512K [0x00000000eba00000, 0x0000000100000000, 0x0000000100000000)
  eden space 287744K, 0% used [0x00000000eba00000,0x00000000eba00000,0x00000000fd300000)
  from space 22528K, 99% used [0x00000000fd300000,0x00000000fe8fc020,0x00000000fe900000)
  to   space 23552K, 0% used [0x00000000fe900000,0x00000000fe900000,0x0000000100000000)
 ParOldGen       total 120320K, used 111428K [0x00000000c2e00000, 0x00000000ca380000, 0x00000000eba00000)
  object space 120320K, 92% used [0x00000000c2e00000,0x00000000c9ad1318,0x00000000ca380000)
 Metaspace       used 4742K, capacity 5320K, committed 5504K, reserved 1056768K
  class space    used 541K, capacity 564K, committed 640K, reserved 1048576K
Event: 77.579 GC heap after
Heap after GC invocations=48 (full 7):
 PSYoungGen      total 310272K, used 13785K [0x00000000eba00000, 0x0000000100000000, 0x0000000100000000)
  eden space 287744K, 0% used [0x00000000eba00000,0x00000000eba00000,0x00000000fd300000)
  from space 22528K, 61% used [0x00000000fd300000,0x00000000fe0765f0,0x00000000fe900000)
  to   space 23552K, 0% used [0x00000000fe900000,0x00000000fe900000,0x0000000100000000)
 ParOldGen       total 138752K, used 120067K [0x00000000c2e00000, 0x00000000cb580000, 0x00000000eba00000)
  object space 138752K, 86% used [0x00000000c2e00000,0x00000000ca340fd8,0x00000000cb580000)
 Metaspace       used 4742K, capacity 5320K, committed 5504K, reserved 1056768K
  class space    used 541K, capacity 564K, committed 640K, reserved 1048576K
}
Event: 78.220 GC heap before
{Heap before GC invocations=49 (full 7):
 PSYoungGen      total 310272K, used 301529K [0x00000000eba00000, 0x0000000100000000, 0x0000000100000000)
  eden space 287744K, 100% used [0x00000000eba00000,0x00000000fd300000,0x00000000fd300000)
  from space 22528K, 61% used [0x00000000fd300000,0x00000000fe0765f0,0x00000000fe900000)
  to   space 23552K, 0% used [0x00000000fe900000,0x00000000fe900000,0x0000000100000000)
 ParOldGen       total 138752K, used 120067K [0x00000000c2e00000, 0x00000000cb580000, 0x00000000eba00000)
  object space 138752K, 86% used [0x00000000c2e00000,0x00000000ca340fd8,0x00000000cb580000)
 Metaspace       used 4742K, capacity 5320K, committed 5504K, reserved 1056768K
  class space    used 541K, capacity 564K, committed 640K, reserved 1048576K
Event: 78.260 GC heap after
Heap after GC invocations=49 (full 7):
 PSYoungGen      total 296960K, used 19296K [0x00000000eba00000, 0x0000000100000000, 0x0000000100000000)
  eden space 273408K, 0% used [0x00000000eba00000,0x00000000eba00000,0x00000000fc500000)
  from space 23552K, 81% used [0x00000000fe900000,0x00000000ffbd8010,0x0000000100000000)
  to   space 30208K, 0% used [0x00000000fc500000,0x00000000fc500000,0x00000000fe280000)
 ParOldGen       total 138752K, used 126059K [0x00000000c2e00000, 0x00000000cb580000, 0x00000000eba00000)
  object space 138752K, 90% used [0x00000000c2e00000,0x00000000ca91afd8,0x00000000cb580000)
 Metaspace       used 4742K, capacity 5320K, committed 5504K, reserved 1056768K
  class space    used 541K, capacity 564K, committed 640K, reserved 1048576K
}
Event: 80.082 GC heap before
{Heap before GC invocations=50 (full 7):
 PSYoungGen      total 296960K, used 292704K [0x00000000eba00000, 0x0000000100000000, 0x0000000100000000)
  eden space 273408K, 100% used [0x00000000eba00000,0x00000000fc500000,0x00000000fc500000)
  from space 23552K, 81% used [0x00000000fe900000,0x00000000ffbd8010,0x0000000100000000)
  to   space 30208K, 0% used [0x00000000fc500000,0x00000000fc500000,0x00000000fe280000)
 ParOldGen       total 138752K, used 126059K [0x00000000c2e00000, 0x00000000cb580000, 0x00000000eba00000)
  object space 138752K, 90% used [0x00000000c2e00000,0x00000000ca91afd8,0x00000000cb580000)
 Metaspace       used 4742K, capacity 5320K, committed 5504K, reserved 1056768K
  class space    used 541K, capacity 564K, committed 640K, reserved 1048576K
Event: 81.129 GC heap after
Heap after GC invocations=50 (full 7):
 PSYoungGen      total 303104K, used 29648K [0x00000000eba00000, 0x0000000100000000, 0x0000000100000000)
  eden space 273408K, 0% used [0x00000000eba00000,0x00000000eba00000,0x00000000fc500000)
  from space 29696K, 99% used [0x00000000fc500000,0x00000000fe1f4020,0x00000000fe200000)
  to   space 30720K, 0% used [0x00000000fe200000,0x00000000fe200000,0x0000000100000000)
 ParOldGen       total 138752K, used 126059K [0x00000000c2e00000, 0x00000000cb580000, 0x00000000eba00000)
  object space 138752K, 90% used [0x00000000c2e00000,0x00000000ca91afd8,0x00000000cb580000)
 Metaspace       used 4742K, capacity 5320K, committed 5504K, reserved 1056768K
  class space    used 541K, capacity 564K, committed 640K, reserved 1048576K
}
Event: 82.945 GC heap before
{Heap before GC invocations=51 (full 7):
 PSYoungGen      total 303104K, used 303056K [0x00000000eba00000, 0x0000000100000000, 0x0000000100000000)
  eden space 273408K, 100% used [0x00000000eba00000,0x00000000fc500000,0x00000000fc500000)
  from space 29696K, 99% used [0x00000000fc500000,0x00000000fe1f4020,0x00000000fe200000)
  to   space 30720K, 0% used [0x00000000fe200000,0x00000000fe200000,0x0000000100000000)
 ParOldGen       total 138752K, used 126059K [0x00000000c2e00000, 0x00000000cb580000, 0x00000000eba00000)
  object space 138752K, 90% used [0x00000000c2e00000,0x00000000ca91afd8,0x00000000cb580000)
 Metaspace       used 4742K, capacity 5320K, committed 5504K, reserved 1056768K
  class space    used 541K, capacity 564K, committed 640K, reserved 1048576K
Event: 82.979 GC heap after
Heap after GC invocations=51 (full 7):
 PSYoungGen      total 277504K, used 30704K [0x00000000eba00000, 0x0000000100000000, 0x0000000100000000)
  eden space 246784K, 0% used [0x00000000eba00000,0x00000000eba00000,0x00000000fab00000)
  from space 30720K, 99% used [0x00000000fe200000,0x00000000ffffc020,0x0000000100000000)
  to   space 43520K, 0% used [0x00000000fab00000,0x00000000fab00000,0x00000000fd580000)
 ParOldGen       total 138752K, used 137315K [0x00000000c2e00000, 0x00000000cb580000, 0x00000000eba00000)
  object space 138752K, 98% used [0x00000000c2e00000,0x00000000cb418fd8,0x00000000cb580000)
 Metaspace       used 4742K, capacity 5320K, committed 5504K, reserved 1056768K
  class space    used 541K, capacity 564K, committed 640K, reserved 1048576K
}
Event: 82.996 GC heap before
{Heap before GC invocations=52 (full 8):
 PSYoungGen      total 277504K, used 30704K [0x00000000eba00000, 0x0000000100000000, 0x0000000100000000)
  eden space 246784K, 0% used [0x00000000eba00000,0x00000000eba00000,0x00000000fab00000)
  from space 30720K, 99% used [0x00000000fe200000,0x00000000ffffc020,0x0000000100000000)
  to   space 43520K, 0% used [0x00000000fab00000,0x00000000fab00000,0x00000000fd580000)
 ParOldGen       total 138752K, used 137315K [0x00000000c2e00000, 0x00000000cb580000, 0x00000000eba00000)
  object space 138752K, 98% used [0x00000000c2e00000,0x00000000cb418fd8,0x00000000cb580000)
 Metaspace       used 4742K, capacity 5320K, committed 5504K, reserved 1056768K
  class space    used 541K, capacity 564K, committed 640K, reserved 1048576K

Deoptimization events (10 events):
Event: 47.464 Thread 0x00007f9d7c00a000 Uncommon trap: reason=unloaded action=reinterpret pc=0x00007f9d6d2b8110 method=java.util.regex.Pattern.closure(Ljava/util/regex/Pattern$Node;)Ljava/util/regex/Pattern$Node; @ 95
Event: 48.238 Thread 0x00007f9d7c00a000 Uncommon trap: reason=bimorphic action=maybe_recompile pc=0x00007f9d6d249be8 method=java.util.regex.Pattern$BmpCharProperty.match(Ljava/util/regex/Matcher;ILjava/lang/CharSequence;)Z @ 31
Event: 48.261 Thread 0x00007f9d7c00a000 Uncommon trap: reason=bimorphic action=maybe_recompile pc=0x00007f9d6d249be8 method=java.util.regex.Pattern$BmpCharProperty.match(Ljava/util/regex/Matcher;ILjava/lang/CharSequence;)Z @ 31
Event: 48.261 Thread 0x00007f9d7c00a000 Uncommon trap: reason=bimorphic action=maybe_recompile pc=0x00007f9d6d249be8 method=java.util.regex.Pattern$BmpCharProperty.match(Ljava/util/regex/Matcher;ILjava/lang/CharSequence;)Z @ 31
Event: 48.261 Thread 0x00007f9d7c00a000 Uncommon trap: reason=bimorphic action=maybe_recompile pc=0x00007f9d6d249be8 method=java.util.regex.Pattern$BmpCharProperty.match(Ljava/util/regex/Matcher;ILjava/lang/CharSequence;)Z @ 31
Event: 57.971 Thread 0x00007f9d7c00a000 Uncommon trap: reason=unreached action=reinterpret pc=0x00007f9d6d30a17c method=java.util.regex.Pattern$Branch.study(Ljava/util/regex/Pattern$TreeInfo;)Z @ 46
Event: 65.113 Thread 0x00007f9d7c00a000 Uncommon trap: reason=class_check action=maybe_recompile pc=0x00007f9d6d150584 method=java.util.HashMap.putVal(ILjava/lang/Object;Ljava/lang/Object;ZZ)Ljava/lang/Object; @ 203
Event: 65.703 Thread 0x00007f9d7c00a000 Uncommon trap: reason=class_check action=maybe_recompile pc=0x00007f9d6d150584 method=java.util.HashMap.putVal(ILjava/lang/Object;Ljava/lang/Object;ZZ)Ljava/lang/Object; @ 203
Event: 65.703 Thread 0x00007f9d7c00a000 Uncommon trap: reason=class_check action=maybe_recompile pc=0x00007f9d6d150584 method=java.util.HashMap.putVal(ILjava/lang/Object;Ljava/lang/Object;ZZ)Ljava/lang/Object; @ 203
Event: 65.787 Thread 0x00007f9d7c00a000 Uncommon trap: reason=class_check action=maybe_recompile pc=0x00007f9d6d316480 method=java.util.HashMap.putVal(ILjava/lang/Object;Ljava/lang/Object;ZZ)Ljava/lang/Object; @ 203

Internal exceptions (10 events):
Event: 2.795 Thread 0x00007f9d7c00a000 Exception <a 'java/security/PrivilegedActionException'> (0x00000000ed440040) thrown at [/HUDSON/workspace/8-2-build-linux-amd64/jdk8u5/2488/hotspot/src/share/vm/prims/jvm.cpp, line 1248]
Event: 33.513 Thread 0x00007f9d7c00a000 Exception <a 'java/security/PrivilegedActionException'> (0x00000000f5ac28d8) thrown at [/HUDSON/workspace/8-2-build-linux-amd64/jdk8u5/2488/hotspot/src/share/vm/prims/jvm.cpp, line 1248]
Event: 41.108 Thread 0x00007f9d7c00a000 Exception <a 'java/security/PrivilegedActionException'> (0x00000000f5ac9808) thrown at [/HUDSON/workspace/8-2-build-linux-amd64/jdk8u5/2488/hotspot/src/share/vm/prims/jvm.cpp, line 1248]
Event: 45.917 Thread 0x00007f9d7c00a000 Exception <a 'java/security/PrivilegedActionException'> (0x00000000f5ad0318) thrown at [/HUDSON/workspace/8-2-build-linux-amd64/jdk8u5/2488/hotspot/src/share/vm/prims/jvm.cpp, line 1248]
Event: 47.763 Thread 0x00007f9d7c00a000 Exception <a 'java/security/PrivilegedActionException'> (0x00000000f5ad2c80) thrown at [/HUDSON/workspace/8-2-build-linux-amd64/jdk8u5/2488/hotspot/src/share/vm/prims/jvm.cpp, line 1248]
Event: 48.263 Thread 0x00007f9d7c00a000 Exception <a 'java/security/PrivilegedActionException'> (0x00000000f5b12e08) thrown at [/HUDSON/workspace/8-2-build-linux-amd64/jdk8u5/2488/hotspot/src/share/vm/prims/jvm.cpp, line 1248]
Event: 52.988 Thread 0x00007f9d7c00a000 Exception <a 'java/security/PrivilegedActionException'> (0x00000000f5b16278) thrown at [/HUDSON/workspace/8-2-build-linux-amd64/jdk8u5/2488/hotspot/src/share/vm/prims/jvm.cpp, line 1248]
Event: 57.720 Thread 0x00007f9d7c00a000 Implicit null exception at 0x00007f9d6d309ddf to 0x00007f9d6d30a14d
Event: 59.442 Thread 0x00007f9d7c00a000 Exception <a 'java/security/PrivilegedActionException'> (0x00000000f5b28bb8) thrown at [/HUDSON/workspace/8-2-build-linux-amd64/jdk8u5/2488/hotspot/src/share/vm/prims/jvm.cpp, line 1248]
Event: 63.782 Thread 0x00007f9d7c00a000 Exception <a 'java/security/PrivilegedActionException'> (0x00000000f5b5aa00) thrown at [/HUDSON/workspace/8-2-build-linux-amd64/jdk8u5/2488/hotspot/src/share/vm/prims/jvm.cpp, line 1248]

Events (10 events):
Event: 75.468 Thread 0x00007f9d7c0ad000 flushing nmethod 0x00007f9d6d1078d0
Event: 76.896 Executing VM operation: ParallelGCFailedAllocation
Event: 77.579 Executing VM operation: ParallelGCFailedAllocation done
Event: 77.688 Thread 0x00007f9d7c00a000 DEOPT PACKING pc=0x00007f9d6d366e10 sp=0x00007f9d84d0ddb0
Event: 77.725 Thread 0x00007f9d7c00a000 DEOPT UNPACKING pc=0x00007f9d6d04741a sp=0x00007f9d84d0dba0 mode 0
Event: 78.220 Executing VM operation: ParallelGCFailedAllocation
Event: 78.260 Executing VM operation: ParallelGCFailedAllocation done
Event: 79.371 Executing VM operation: ParallelGCFailedAllocation
Event: 81.155 Executing VM operation: ParallelGCFailedAllocation done
Event: 82.945 Executing VM operation: ParallelGCFailedAllocation


Dynamic libraries:
00400000-00401000 r-xp 00000000 08:08 657244                             /usr/lib/jvm/java/bin/java
00600000-00601000 rw-p 00000000 08:08 657244                             /usr/lib/jvm/java/bin/java
0219a000-021bb000 rw-p 00000000 00:00 0                                  [heap]
c2e00000-cb580000 rw-p 00000000 00:00 0 
ccb00000-eba00000 ---p 00000000 00:00 0 
eba00000-100000000 rw-p 00000000 00:00 0 
100000000-1000a0000 rw-p 00000000 00:00 0 
1000a0000-140000000 ---p 00000000 00:00 0 
7f9d30000000-7f9d30021000 rw-p 00000000 00:00 0 
7f9d30021000-7f9d34000000 ---p 00000000 00:00 0 
7f9d34000000-7f9d34021000 rw-p 00000000 00:00 0 
7f9d34021000-7f9d38000000 ---p 00000000 00:00 0 
7f9d38000000-7f9d385bd000 rw-p 00000000 00:00 0 
7f9d385bd000-7f9d3c000000 ---p 00000000 00:00 0 
7f9d3c000000-7f9d3c2e6000 rw-p 00000000 00:00 0 
7f9d3c2e6000-7f9d40000000 ---p 00000000 00:00 0 
7f9d40000000-7f9d40021000 rw-p 00000000 00:00 0 
7f9d40021000-7f9d44000000 ---p 00000000 00:00 0 
7f9d44000000-7f9d442e6000 rw-p 00000000 00:00 0 
7f9d442e6000-7f9d48000000 ---p 00000000 00:00 0 
7f9d48000000-7f9d48021000 rw-p 00000000 00:00 0 
7f9d48021000-7f9d4c000000 ---p 00000000 00:00 0 
7f9d4c000000-7f9d4c021000 rw-p 00000000 00:00 0 
7f9d4c021000-7f9d50000000 ---p 00000000 00:00 0 
7f9d50000000-7f9d50021000 rw-p 00000000 00:00 0 
7f9d50021000-7f9d54000000 ---p 00000000 00:00 0 
7f9d54000000-7f9d542a5000 rw-p 00000000 00:00 0 
7f9d542a5000-7f9d58000000 ---p 00000000 00:00 0 
7f9d58000000-7f9d58021000 rw-p 00000000 00:00 0 
7f9d58021000-7f9d5c000000 ---p 00000000 00:00 0 
7f9d60000000-7f9d60021000 rw-p 00000000 00:00 0 
7f9d60021000-7f9d64000000 ---p 00000000 00:00 0 
7f9d65678000-7f9d65787000 r--s 00f69000 08:07 656856                     /home/hanzhe/git/hzWikitaxonomy/lib/jwpl_v05b.jar
7f9d65787000-7f9d65788000 ---p 00000000 00:00 0 
7f9d65788000-7f9d65888000 rw-p 00000000 00:00 0                          [stack:7822]
7f9d65888000-7f9d6588b000 ---p 00000000 00:00 0 
7f9d6588b000-7f9d65989000 rw-p 00000000 00:00 0                          [stack:7821]
7f9d65989000-7f9d6598c000 ---p 00000000 00:00 0 
7f9d6598c000-7f9d65a8a000 rw-p 00000000 00:00 0                          [stack:7820]
7f9d65a8a000-7f9d66170000 r--p 00000000 08:08 663597                     /usr/lib/locale/locale-archive
7f9d66170000-7f9d68000000 rw-p 00000000 00:00 0 
7f9d68000000-7f9d68021000 rw-p 00000000 00:00 0 
7f9d68021000-7f9d6c000000 ---p 00000000 00:00 0 
7f9d6c0f1000-7f9d6c0f4000 ---p 00000000 00:00 0 
7f9d6c0f4000-7f9d6c1f2000 rw-p 00000000 00:00 0                          [stack:7819]
7f9d6c1f2000-7f9d6c1f5000 ---p 00000000 00:00 0 
7f9d6c1f5000-7f9d6c2f3000 rw-p 00000000 00:00 0                          [stack:7818]
7f9d6c2f3000-7f9d6c2f6000 ---p 00000000 00:00 0 
7f9d6c2f6000-7f9d6c3f4000 rw-p 00000000 00:00 0                          [stack:7817]
7f9d6c3f4000-7f9d6c3f7000 ---p 00000000 00:00 0 
7f9d6c3f7000-7f9d6c4f5000 rw-p 00000000 00:00 0                          [stack:7816]
7f9d6c4f5000-7f9d6c4f8000 ---p 00000000 00:00 0 
7f9d6c4f8000-7f9d6c5f6000 rw-p 00000000 00:00 0                          [stack:7815]
7f9d6c5f6000-7f9d6c5f7000 ---p 00000000 00:00 0 
7f9d6c5f7000-7f9d6d000000 rw-p 00000000 00:00 0                          [stack:7814]
7f9d6d000000-7f9d6d380000 rwxp 00000000 00:00 0 
7f9d6d380000-7f9d7c000000 ---p 00000000 00:00 0 
7f9d7c000000-7f9d7c3bb000 rw-p 00000000 00:00 0 
7f9d7c3bb000-7f9d80000000 ---p 00000000 00:00 0 
7f9d80005000-7f9d8000c000 r--s 00000000 08:08 938940                     /usr/lib/x86_64-linux-gnu/gconv/gconv-modules.cache
7f9d8000c000-7f9d80020000 r--p 00000000 08:08 927773                     /usr/share/locale-langpack/zh_CN/LC_MESSAGES/libc.mo
7f9d80020000-7f9d80033000 r--s 00345000 08:08 668734                     /usr/lib/jvm/java/jre/lib/resources.jar
7f9d80033000-7f9d8003e000 r--s 0021a000 08:08 668758                     /usr/lib/jvm/java/jre/lib/ext/localedata.jar
7f9d8003e000-7f9d8005a000 r--s 00393000 08:08 668752                     /usr/lib/jvm/java/jre/lib/ext/cldrdata.jar
7f9d8005a000-7f9d80067000 r--s 00081000 08:07 656106                     /home/hanzhe/git/hzWikitaxonomy/lib/prefuse-beta-20071021.jar
7f9d80067000-7f9d8071f000 rw-p 00000000 00:00 0 
7f9d8071f000-7f9d808f4000 r--s 03c4d000 08:08 668699                     /usr/lib/jvm/java/jre/lib/rt.jar
7f9d808f4000-7f9d80e2a000 rw-p 00000000 00:00 0 
7f9d80e2a000-7f9d8116a000 ---p 00000000 00:00 0 
7f9d8116a000-7f9d81353000 rw-p 00000000 00:00 0 
7f9d81353000-7f9d81354000 ---p 00000000 00:00 0 
7f9d81354000-7f9d81454000 rw-p 00000000 00:00 0                          [stack:7813]
7f9d81454000-7f9d81455000 ---p 00000000 00:00 0 
7f9d81455000-7f9d81555000 rw-p 00000000 00:00 0                          [stack:7812]
7f9d81555000-7f9d81556000 ---p 00000000 00:00 0 
7f9d81556000-7f9d81656000 rw-p 00000000 00:00 0                          [stack:7811]
7f9d81656000-7f9d81657000 ---p 00000000 00:00 0 
7f9d81657000-7f9d8179b000 rw-p 00000000 00:00 0                          [stack:7810]
7f9d8179b000-7f9d8189d000 ---p 00000000 00:00 0 
7f9d8189d000-7f9d818e1000 rw-p 00000000 00:00 0 
7f9d818e1000-7f9d819e3000 ---p 00000000 00:00 0 
7f9d819e3000-7f9d81a86000 rw-p 00000000 00:00 0 
7f9d81a86000-7f9d81a95000 rw-p 00000000 00:00 0 
7f9d81a95000-7f9d81e47000 ---p 00000000 00:00 0 
7f9d81e47000-7f9d81e63000 r-xp 00000000 08:08 795182                     /usr/lib/jvm/java/jre/lib/amd64/libzip.so
7f9d81e63000-7f9d82062000 ---p 0001c000 08:08 795182                     /usr/lib/jvm/java/jre/lib/amd64/libzip.so
7f9d82062000-7f9d82063000 rw-p 0001b000 08:08 795182                     /usr/lib/jvm/java/jre/lib/amd64/libzip.so
7f9d82063000-7f9d8206e000 r-xp 00000000 08:08 132275                     /lib/x86_64-linux-gnu/libnss_files-2.19.so
7f9d8206e000-7f9d8226d000 ---p 0000b000 08:08 132275                     /lib/x86_64-linux-gnu/libnss_files-2.19.so
7f9d8226d000-7f9d8226e000 r--p 0000a000 08:08 132275                     /lib/x86_64-linux-gnu/libnss_files-2.19.so
7f9d8226e000-7f9d8226f000 rw-p 0000b000 08:08 132275                     /lib/x86_64-linux-gnu/libnss_files-2.19.so
7f9d8226f000-7f9d8227a000 r-xp 00000000 08:08 131167                     /lib/x86_64-linux-gnu/libnss_nis-2.19.so
7f9d8227a000-7f9d82479000 ---p 0000b000 08:08 131167                     /lib/x86_64-linux-gnu/libnss_nis-2.19.so
7f9d82479000-7f9d8247a000 r--p 0000a000 08:08 131167                     /lib/x86_64-linux-gnu/libnss_nis-2.19.so
7f9d8247a000-7f9d8247b000 rw-p 0000b000 08:08 131167                     /lib/x86_64-linux-gnu/libnss_nis-2.19.so
7f9d8247b000-7f9d82492000 r-xp 00000000 08:08 132277                     /lib/x86_64-linux-gnu/libnsl-2.19.so
7f9d82492000-7f9d82691000 ---p 00017000 08:08 132277                     /lib/x86_64-linux-gnu/libnsl-2.19.so
7f9d82691000-7f9d82692000 r--p 00016000 08:08 132277                     /lib/x86_64-linux-gnu/libnsl-2.19.so
7f9d82692000-7f9d82693000 rw-p 00017000 08:08 132277                     /lib/x86_64-linux-gnu/libnsl-2.19.so
7f9d82693000-7f9d82695000 rw-p 00000000 00:00 0 
7f9d82695000-7f9d8269e000 r-xp 00000000 08:08 132057                     /lib/x86_64-linux-gnu/libnss_compat-2.19.so
7f9d8269e000-7f9d8289d000 ---p 00009000 08:08 132057                     /lib/x86_64-linux-gnu/libnss_compat-2.19.so
7f9d8289d000-7f9d8289e000 r--p 00008000 08:08 132057                     /lib/x86_64-linux-gnu/libnss_compat-2.19.so
7f9d8289e000-7f9d8289f000 rw-p 00009000 08:08 132057                     /lib/x86_64-linux-gnu/libnss_compat-2.19.so
7f9d8289f000-7f9d828c9000 r-xp 00000000 08:08 795177                     /usr/lib/jvm/java/jre/lib/amd64/libjava.so
7f9d828c9000-7f9d82ac9000 ---p 0002a000 08:08 795177                     /usr/lib/jvm/java/jre/lib/amd64/libjava.so
7f9d82ac9000-7f9d82acb000 rw-p 0002a000 08:08 795177                     /usr/lib/jvm/java/jre/lib/amd64/libjava.so
7f9d82acb000-7f9d82ad8000 r-xp 00000000 08:08 795181                     /usr/lib/jvm/java/jre/lib/amd64/libverify.so
7f9d82ad8000-7f9d82cd8000 ---p 0000d000 08:08 795181                     /usr/lib/jvm/java/jre/lib/amd64/libverify.so
7f9d82cd8000-7f9d82cda000 rw-p 0000d000 08:08 795181                     /usr/lib/jvm/java/jre/lib/amd64/libverify.so
7f9d82cda000-7f9d82ce1000 r-xp 00000000 08:08 132273                     /lib/x86_64-linux-gnu/librt-2.19.so
7f9d82ce1000-7f9d82ee0000 ---p 00007000 08:08 132273                     /lib/x86_64-linux-gnu/librt-2.19.so
7f9d82ee0000-7f9d82ee1000 r--p 00006000 08:08 132273                     /lib/x86_64-linux-gnu/librt-2.19.so
7f9d82ee1000-7f9d82ee2000 rw-p 00007000 08:08 132273                     /lib/x86_64-linux-gnu/librt-2.19.so
7f9d82ee2000-7f9d82fe7000 r-xp 00000000 08:08 132274                     /lib/x86_64-linux-gnu/libm-2.19.so
7f9d82fe7000-7f9d831e6000 ---p 00105000 08:08 132274                     /lib/x86_64-linux-gnu/libm-2.19.so
7f9d831e6000-7f9d831e7000 r--p 00104000 08:08 132274                     /lib/x86_64-linux-gnu/libm-2.19.so
7f9d831e7000-7f9d831e8000 rw-p 00105000 08:08 132274                     /lib/x86_64-linux-gnu/libm-2.19.so
7f9d831e8000-7f9d83e02000 r-xp 00000000 08:08 795163                     /usr/lib/jvm/java/jre/lib/amd64/server/libjvm.so
7f9d83e02000-7f9d84001000 ---p 00c1a000 08:08 795163                     /usr/lib/jvm/java/jre/lib/amd64/server/libjvm.so
7f9d84001000-7f9d840ca000 rw-p 00c19000 08:08 795163                     /usr/lib/jvm/java/jre/lib/amd64/server/libjvm.so
7f9d840ca000-7f9d8410b000 rw-p 00000000 00:00 0 
7f9d8410b000-7f9d842c7000 r-xp 00000000 08:08 132278                     /lib/x86_64-linux-gnu/libc-2.19.so
7f9d842c7000-7f9d844c6000 ---p 001bc000 08:08 132278                     /lib/x86_64-linux-gnu/libc-2.19.so
7f9d844c6000-7f9d844ca000 r--p 001bb000 08:08 132278                     /lib/x86_64-linux-gnu/libc-2.19.so
7f9d844ca000-7f9d844cc000 rw-p 001bf000 08:08 132278                     /lib/x86_64-linux-gnu/libc-2.19.so
7f9d844cc000-7f9d844d1000 rw-p 00000000 00:00 0 
7f9d844d1000-7f9d844d4000 r-xp 00000000 08:08 131176                     /lib/x86_64-linux-gnu/libdl-2.19.so
7f9d844d4000-7f9d846d3000 ---p 00003000 08:08 131176                     /lib/x86_64-linux-gnu/libdl-2.19.so
7f9d846d3000-7f9d846d4000 r--p 00002000 08:08 131176                     /lib/x86_64-linux-gnu/libdl-2.19.so
7f9d846d4000-7f9d846d5000 rw-p 00003000 08:08 131176                     /lib/x86_64-linux-gnu/libdl-2.19.so
7f9d846d5000-7f9d846ec000 r-xp 00000000 08:08 668486                     /usr/lib/jvm/java/lib/amd64/jli/libjli.so
7f9d846ec000-7f9d848eb000 ---p 00017000 08:08 668486                     /usr/lib/jvm/java/lib/amd64/jli/libjli.so
7f9d848eb000-7f9d848ec000 rw-p 00016000 08:08 668486                     /usr/lib/jvm/java/lib/amd64/jli/libjli.so
7f9d848ec000-7f9d84905000 r-xp 00000000 08:08 132280                     /lib/x86_64-linux-gnu/libpthread-2.19.so
7f9d84905000-7f9d84b04000 ---p 00019000 08:08 132280                     /lib/x86_64-linux-gnu/libpthread-2.19.so
7f9d84b04000-7f9d84b05000 r--p 00018000 08:08 132280                     /lib/x86_64-linux-gnu/libpthread-2.19.so
7f9d84b05000-7f9d84b06000 rw-p 00019000 08:08 132280                     /lib/x86_64-linux-gnu/libpthread-2.19.so
7f9d84b06000-7f9d84b0a000 rw-p 00000000 00:00 0 
7f9d84b0a000-7f9d84b2d000 r-xp 00000000 08:08 131175                     /lib/x86_64-linux-gnu/ld-2.19.so
7f9d84b31000-7f9d84b36000 r--s 00044000 08:07 656041                     /home/hanzhe/git/hzWikitaxonomy/lib/jdom-2.0.4.jar
7f9d84b36000-7f9d84c0f000 rw-p 00000000 00:00 0 
7f9d84c0f000-7f9d84c12000 ---p 00000000 00:00 0 
7f9d84c12000-7f9d84d14000 rw-p 00000000 00:00 0                          [stack:7809]
7f9d84d15000-7f9d84d16000 rw-p 00000000 00:00 0 
7f9d84d16000-7f9d84d17000 r--s 00019000 08:07 656207                     /home/hanzhe/git/hzWikitaxonomy/lib/ZHConverter.jar
7f9d84d17000-7f9d84d18000 r--s 00006000 08:07 656188                     /home/hanzhe/git/hzWikitaxonomy/lib/tree_split-1.0.1.jar
7f9d84d18000-7f9d84d1b000 r--s 0001f000 08:07 656190                     /home/hanzhe/git/hzWikitaxonomy/lib/htmlparser.jar
7f9d84d1b000-7f9d84d1d000 r--s 00010000 08:07 656131                     /home/hanzhe/git/hzWikitaxonomy/lib/htmllexer.jar
7f9d84d1d000-7f9d84d20000 r--s 01229000 08:07 656033                     /home/hanzhe/git/hzWikitaxonomy/lib/ansj_seg-1.0.alpha.jar
7f9d84d20000-7f9d84d28000 rw-s 00000000 08:08 286766                     /tmp/hsperfdata_hanzhe/7801
7f9d84d28000-7f9d84d29000 rw-p 00000000 00:00 0 
7f9d84d29000-7f9d84d2a000 ---p 00000000 00:00 0 
7f9d84d2a000-7f9d84d2c000 rw-p 00000000 00:00 0 
7f9d84d2c000-7f9d84d2d000 r--p 00022000 08:08 131175                     /lib/x86_64-linux-gnu/ld-2.19.so
7f9d84d2d000-7f9d84d2e000 rw-p 00023000 08:08 131175                     /lib/x86_64-linux-gnu/ld-2.19.so
7f9d84d2e000-7f9d84d2f000 rw-p 00000000 00:00 0 
7fff7adfe000-7fff7ae1f000 rw-p 00000000 00:00 0                          [stack]
7fff7ae2c000-7fff7ae2e000 r-xp 00000000 00:00 0                          [vdso]
ffffffffff600000-ffffffffff601000 r-xp 00000000 00:00 0                  [vsyscall]

VM Arguments:
jvm_args: -Dfile.encoding=UTF-8 
java_command: extract.Extract
java_class_path (initial): /home/hanzhe/git/hzWikitaxonomy/bin:/home/hanzhe/git/hzWikitaxonomy/lib/ansj_seg-1.0.alpha.jar:/home/hanzhe/git/hzWikitaxonomy/lib/htmllexer.jar:/home/hanzhe/git/hzWikitaxonomy/lib/htmlparser.jar:/home/hanzhe/git/hzWikitaxonomy/lib/jdom-2.0.4.jar:/home/hanzhe/git/hzWikitaxonomy/lib/prefuse-beta-20071021.jar:/home/hanzhe/git/hzWikitaxonomy/lib/tree_split-1.0.1.jar:/home/hanzhe/git/hzWikitaxonomy/lib/ZHConverter.jar:/home/hanzhe/git/hzWikitaxonomy/lib:/home/hanzhe/git/hzWikitaxonomy/lib/jwpl_v05b.jar
Launcher Type: SUN_STANDARD

Environment Variables:
PATH=/usr/local/texlive/2013/bin/x86_64-linux:/usr/local/sbin:/usr/local/bin:/usr/sbin:/usr/bin:/sbin:/bin:/usr/games:/usr/local/games
SHELL=/bin/bash
DISPLAY=:2

Signal Handlers:
SIGSEGV: [libjvm.so+0xa2fc90], sa_mask[0]=0x7ffbfeff, sa_flags=0x10000004
SIGBUS: [libjvm.so+0xa2fc90], sa_mask[0]=0x7ffbfeff, sa_flags=0x10000004
SIGFPE: [libjvm.so+0x89b4b0], sa_mask[0]=0x7ffbfeff, sa_flags=0x10000004
SIGPIPE: [libjvm.so+0x89b4b0], sa_mask[0]=0x7ffbfeff, sa_flags=0x10000004
SIGXFSZ: [libjvm.so+0x89b4b0], sa_mask[0]=0x7ffbfeff, sa_flags=0x10000004
SIGILL: [libjvm.so+0x89b4b0], sa_mask[0]=0x7ffbfeff, sa_flags=0x10000004
SIGUSR1: SIG_DFL, sa_mask[0]=0x00000000, sa_flags=0x00000000
SIGUSR2: [libjvm.so+0x89cc50], sa_mask[0]=0x00000004, sa_flags=0x10000004
SIGHUP: [libjvm.so+0x89df00], sa_mask[0]=0x7ffbfeff, sa_flags=0x10000004
SIGINT: [libjvm.so+0x89df00], sa_mask[0]=0x7ffbfeff, sa_flags=0x10000004
SIGTERM: [libjvm.so+0x89df00], sa_mask[0]=0x7ffbfeff, sa_flags=0x10000004
SIGQUIT: [libjvm.so+0x89df00], sa_mask[0]=0x7ffbfeff, sa_flags=0x10000004


---------------  S Y S T E M  ---------------

OS:DISTRIB_ID=Ubuntu
DISTRIB_RELEASE=14.04
DISTRIB_CODENAME=trusty
DISTRIB_DESCRIPTION="Ubuntu 14.04.1 LTS"

uname:Linux 3.13.0-34-generic #60-Ubuntu SMP Wed Aug 13 15:45:27 UTC 2014 x86_64
libc:glibc 2.19 NPTL 2.19 
rlimit: STACK 8192k, CORE 0k, NPROC 31096, NOFILE 4096, AS infinity
load average:16.14 7.18 3.42

/proc/meminfo:
MemTotal:        4001932 kB
MemFree:          108508 kB
Buffers:             164 kB
Cached:            14040 kB
SwapCached:          996 kB
Active:          2866860 kB
Inactive:         717152 kB
Active(anon):    2865204 kB
Inactive(anon):   713920 kB
Active(file):       1656 kB
Inactive(file):     3232 kB
Unevictable:          32 kB
Mlocked:              32 kB
SwapTotal:       1998844 kB
SwapFree:              0 kB
Dirty:                48 kB
Writeback:             0 kB
AnonPages:       3569148 kB
Mapped:             8800 kB
Shmem:              9060 kB
Slab:              79912 kB
SReclaimable:      24076 kB
SUnreclaim:        55836 kB
KernelStack:        6600 kB
PageTables:        76404 kB
NFS_Unstable:          0 kB
Bounce:                0 kB
WritebackTmp:          0 kB
CommitLimit:     3999808 kB
Committed_AS:   11313004 kB
VmallocTotal:   34359738367 kB
VmallocUsed:       96472 kB
VmallocChunk:   34359610516 kB
HardwareCorrupted:     0 kB
AnonHugePages:    458752 kB
HugePages_Total:       0
HugePages_Free:        0
HugePages_Rsvd:        0
HugePages_Surp:        0
Hugepagesize:       2048 kB
DirectMap4k:       95172 kB
DirectMap2M:     4052992 kB


CPU:total 4 (4 cores per cpu, 1 threads per core) family 6 model 58 stepping 9, cmov, cx8, fxsr, mmx, sse, sse2, sse3, ssse3, sse4.1, sse4.2, popcnt, avx, aes, clmul, erms, tsc, tscinvbit

/proc/cpuinfo:
processor	: 0
vendor_id	: GenuineIntel
cpu family	: 6
model		: 58
model name	: Intel(R) Core(TM) i5-3470 CPU @ 3.20GHz
stepping	: 9
microcode	: 0x12
cpu MHz		: 3201.000
cache size	: 6144 KB
physical id	: 0
siblings	: 4
core id		: 0
cpu cores	: 4
apicid		: 0
initial apicid	: 0
fpu		: yes
fpu_exception	: yes
cpuid level	: 13
wp		: yes
flags		: fpu vme de pse tsc msr pae mce cx8 apic sep mtrr pge mca cmov pat pse36 clflush dts acpi mmx fxsr sse sse2 ss ht tm pbe syscall nx rdtscp lm constant_tsc arch_perfmon pebs bts rep_good nopl xtopology nonstop_tsc aperfmperf eagerfpu pni pclmulqdq dtes64 monitor ds_cpl vmx smx est tm2 ssse3 cx16 xtpr pdcm pcid sse4_1 sse4_2 x2apic popcnt tsc_deadline_timer aes xsave avx f16c rdrand lahf_lm ida arat epb xsaveopt pln pts dtherm tpr_shadow vnmi flexpriority ept vpid fsgsbase smep erms
bogomips	: 6385.20
clflush size	: 64
cache_alignment	: 64
address sizes	: 36 bits physical, 48 bits virtual
power management:

processor	: 1
vendor_id	: GenuineIntel
cpu family	: 6
model		: 58
model name	: Intel(R) Core(TM) i5-3470 CPU @ 3.20GHz
stepping	: 9
microcode	: 0x12
cpu MHz		: 3000.000
cache size	: 6144 KB
physical id	: 0
siblings	: 4
core id		: 1
cpu cores	: 4
apicid		: 2
initial apicid	: 2
fpu		: yes
fpu_exception	: yes
cpuid level	: 13
wp		: yes
flags		: fpu vme de pse tsc msr pae mce cx8 apic sep mtrr pge mca cmov pat pse36 clflush dts acpi mmx fxsr sse sse2 ss ht tm pbe syscall nx rdtscp lm constant_tsc arch_perfmon pebs bts rep_good nopl xtopology nonstop_tsc aperfmperf eagerfpu pni pclmulqdq dtes64 monitor ds_cpl vmx smx est tm2 ssse3 cx16 xtpr pdcm pcid sse4_1 sse4_2 x2apic popcnt tsc_deadline_timer aes xsave avx f16c rdrand lahf_lm ida arat epb xsaveopt pln pts dtherm tpr_shadow vnmi flexpriority ept vpid fsgsbase smep erms
bogomips	: 6385.20
clflush size	: 64
cache_alignment	: 64
address sizes	: 36 bits physical, 48 bits virtual
power management:

processor	: 2
vendor_id	: GenuineIntel
cpu family	: 6
model		: 58
model name	: Intel(R) Core(TM) i5-3470 CPU @ 3.20GHz
stepping	: 9
microcode	: 0x12
cpu MHz		: 1600.000
cache size	: 6144 KB
physical id	: 0
siblings	: 4
core id		: 2
cpu cores	: 4
apicid		: 4
initial apicid	: 4
fpu		: yes
fpu_exception	: yes
cpuid level	: 13
wp		: yes
flags		: fpu vme de pse tsc msr pae mce cx8 apic sep mtrr pge mca cmov pat pse36 clflush dts acpi mmx fxsr sse sse2 ss ht tm pbe syscall nx rdtscp lm constant_tsc arch_perfmon pebs bts rep_good nopl xtopology nonstop_tsc aperfmperf eagerfpu pni pclmulqdq dtes64 monitor ds_cpl vmx smx est tm2 ssse3 cx16 xtpr pdcm pcid sse4_1 sse4_2 x2apic popcnt tsc_deadline_timer aes xsave avx f16c rdrand lahf_lm ida arat epb xsaveopt pln pts dtherm tpr_shadow vnmi flexpriority ept vpid fsgsbase smep erms
bogomips	: 6385.20
clflush size	: 64
cache_alignment	: 64
address sizes	: 36 bits physical, 48 bits virtual
power management:

processor	: 3
vendor_id	: GenuineIntel
cpu family	: 6
model		: 58
model name	: Intel(R) Core(TM) i5-3470 CPU @ 3.20GHz
stepping	: 9
microcode	: 0x12
cpu MHz		: 1600.000
cache size	: 6144 KB
physical id	: 0
siblings	: 4
core id		: 3
cpu cores	: 4
apicid		: 6
initial apicid	: 6
fpu		: yes
fpu_exception	: yes
cpuid level	: 13
wp		: yes
flags		: fpu vme de pse tsc msr pae mce cx8 apic sep mtrr pge mca cmov pat pse36 clflush dts acpi mmx fxsr sse sse2 ss ht tm pbe syscall nx rdtscp lm constant_tsc arch_perfmon pebs bts rep_good nopl xtopology nonstop_tsc aperfmperf eagerfpu pni pclmulqdq dtes64 monitor ds_cpl vmx smx est tm2 ssse3 cx16 xtpr pdcm pcid sse4_1 sse4_2 x2apic popcnt tsc_deadline_timer aes xsave avx f16c rdrand lahf_lm ida arat epb xsaveopt pln pts dtherm tpr_shadow vnmi flexpriority ept vpid fsgsbase smep erms
bogomips	: 6385.20
clflush size	: 64
cache_alignment	: 64
address sizes	: 36 bits physical, 48 bits virtual
power management:



Memory: 4k page, physical 4001932k(110288k free), swap 1998844k(0k free)

vm_info: Java HotSpot(TM) 64-Bit Server VM (25.5-b02) for linux-amd64 JRE (1.8.0_05-b13), built on Mar 18 2014 00:29:27 by "java_re" with gcc 4.3.0 20080428 (Red Hat 4.3.0-8)

time: Wed Sep  3 19:20:09 2014
elapsed time: 170 seconds

